This is pdfTeX, Version 3.1415926-2.5-1.40.14 (TeX Live 2013/Debian) (format=pdflatex 2014.10.21)  13 SEP 2015 23:08
entering extended mode
 restricted \write18 enabled.
 %&-line parsing enabled.
**main.tex
(./main.tex
LaTeX2e <2011/06/27>
Babel <3.9h> and hyphenation patterns for 78 languages loaded.
(./sigchi.cls (/usr/share/texlive/texmf-dist/tex/latex/graphics/epsfig.sty
Package: epsfig 1999/02/16 v1.7a (e)psfig emulation (SPQR)

(/usr/share/texlive/texmf-dist/tex/latex/graphics/graphicx.sty
Package: graphicx 1999/02/16 v1.0f Enhanced LaTeX Graphics (DPC,SPQR)

(/usr/share/texlive/texmf-dist/tex/latex/graphics/keyval.sty
Package: keyval 1999/03/16 v1.13 key=value parser (DPC)
\KV@toks@=\toks14
)
(/usr/share/texlive/texmf-dist/tex/latex/graphics/graphics.sty
Package: graphics 2009/02/05 v1.0o Standard LaTeX Graphics (DPC,SPQR)

(/usr/share/texlive/texmf-dist/tex/latex/graphics/trig.sty
Package: trig 1999/03/16 v1.09 sin cos tan (DPC)
)
(/usr/share/texlive/texmf-dist/tex/latex/latexconfig/graphics.cfg
File: graphics.cfg 2010/04/23 v1.9 graphics configuration of TeX Live
)
Package graphics Info: Driver file: pdftex.def on input line 91.

(/usr/share/texlive/texmf-dist/tex/latex/pdftex-def/pdftex.def
File: pdftex.def 2011/05/27 v0.06d Graphics/color for pdfTeX

(/usr/share/texlive/texmf-dist/tex/generic/oberdiek/infwarerr.sty
Package: infwarerr 2010/04/08 v1.3 Providing info/warning/error messages (HO)
)
(/usr/share/texlive/texmf-dist/tex/generic/oberdiek/ltxcmds.sty
Package: ltxcmds 2011/11/09 v1.22 LaTeX kernel commands for general use (HO)
)
\Gread@gobject=\count79
))
\Gin@req@height=\dimen102
\Gin@req@width=\dimen103
)
\epsfxsize=\dimen104
\epsfysize=\dimen105
)
(/usr/share/texlive/texmf-dist/tex/latex/amsfonts/amssymb.sty
Package: amssymb 2013/01/14 v3.01 AMS font symbols

(/usr/share/texlive/texmf-dist/tex/latex/amsfonts/amsfonts.sty
Package: amsfonts 2013/01/14 v3.01 Basic AMSFonts support
\@emptytoks=\toks15
\symAMSa=\mathgroup4
\symAMSb=\mathgroup5
LaTeX Font Info:    Overwriting math alphabet `\mathfrak' in version `bold'
(Font)                  U/euf/m/n --> U/euf/b/n on input line 106.
))
(/usr/share/texlive/texmf-dist/tex/latex/amsmath/amsmath.sty
Package: amsmath 2013/01/14 v2.14 AMS math features
\@mathmargin=\skip41

For additional information on amsmath, use the `?' option.
(/usr/share/texlive/texmf-dist/tex/latex/amsmath/amstext.sty
Package: amstext 2000/06/29 v2.01

(/usr/share/texlive/texmf-dist/tex/latex/amsmath/amsgen.sty
File: amsgen.sty 1999/11/30 v2.0
\@emptytoks=\toks16
\ex@=\dimen106
))
(/usr/share/texlive/texmf-dist/tex/latex/amsmath/amsbsy.sty
Package: amsbsy 1999/11/29 v1.2d
\pmbraise@=\dimen107
)
(/usr/share/texlive/texmf-dist/tex/latex/amsmath/amsopn.sty
Package: amsopn 1999/12/14 v2.01 operator names
)
\inf@bad=\count80
LaTeX Info: Redefining \frac on input line 210.
\uproot@=\count81
\leftroot@=\count82
LaTeX Info: Redefining \overline on input line 306.
\classnum@=\count83
\DOTSCASE@=\count84
LaTeX Info: Redefining \ldots on input line 378.
LaTeX Info: Redefining \dots on input line 381.
LaTeX Info: Redefining \cdots on input line 466.
\Mathstrutbox@=\box26
\strutbox@=\box27
\big@size=\dimen108
LaTeX Font Info:    Redeclaring font encoding OML on input line 566.
LaTeX Font Info:    Redeclaring font encoding OMS on input line 567.
\macc@depth=\count85
\c@MaxMatrixCols=\count86
\dotsspace@=\muskip10
\c@parentequation=\count87
\dspbrk@lvl=\count88
\tag@help=\toks17
\row@=\count89
\column@=\count90
\maxfields@=\count91
\andhelp@=\toks18
\eqnshift@=\dimen109
\alignsep@=\dimen110
\tagshift@=\dimen111
\tagwidth@=\dimen112
\totwidth@=\dimen113
\lineht@=\dimen114
\@envbody=\toks19
\multlinegap=\skip42
\multlinetaggap=\skip43
\mathdisplay@stack=\toks20
LaTeX Info: Redefining \[ on input line 2665.
LaTeX Info: Redefining \] on input line 2666.
)
Document Class sigchi' <July 30, 2014>. Updated for chi 2014 based on chi2012.c
ls by William Hudson and Jean-Daniel Fekete.
Document Class `chi2011' <October 19, 2010>. Tweaked by Manas Tungare.
Shamelessly copied from
`chiproceedings' <7th Sep. '00>. Modified by Jan O. Borchers
`acm_proc_article-sp' <2nd. October '02>. Modified by G.K.M. Tobin
`acmconf' <22 May 89>. Hacked 4/91 by shivers@cs.cmu.edu, 4/93 by theobald@cs.m
cgill.ca
Excerpts were taken from (Journal Style) 'esub2acm.cls'.
\footheight=\dimen115
\@maxsep=\dimen116
\@dblmaxsep=\dimen117
\aucount=\count92
\originalaucount=\count93
\auwidth=\dimen118
\auskip=\dimen119
\auskipcount=\count94
\auskip=\dimen120
\allauboxes=\dimen121
\addauthors=\toks21
\subtitletext=\toks22
\savesection=\count95
\sectioncntr=\count96
\c@figure=\count97
\c@table=\count98
\teaserspace=\skip44
\titleboxnotes=\toks23
\titleboxnoteflag=\count99
Document Class: sigchi 2011/06/06 - V0.16
(/usr/share/texlive/texmf-dist/tex/latex/base/latexsym.sty
Package: latexsym 1998/08/17 v2.2e Standard LaTeX package (lasy symbols)
\symlasy=\mathgroup6
LaTeX Font Info:    Overwriting symbol font `lasy' in version `bold'
(Font)                  U/lasy/m/n --> U/lasy/b/n on input line 47.
)
\titlenotecount=\count100
\tntoks=\toks24
\tntokstwo=\toks25
\tntoksthree=\toks26
\tntoksfour=\toks27
\tntoksfive=\toks28
\catcount=\count101
\copyrightnotice=\toks29
\c@copyrightbox=\count102
\conf=\toks30
\confinfo=\toks31
\c@part=\count103
\c@section=\count104
\c@subsection=\count105
\c@subsubsection=\count106
\c@paragraph=\count107

Using 'Abbrev' bibliography style
\bibindent=\dimen122
\bibsep=\skip45
\colcntr=\count108
\savebox=\box28
\copyrtyr=\toks32
\acmcopyr=\toks33
\boilerplate=\toks34
\copyrightetc=\toks35
) (/usr/share/texlive/texmf-dist/tex/latex/oberdiek/epstopdf.sty
Package: epstopdf 2010/02/09 v2.5 Conversion with epstopdf on the fly (HO)

(/usr/share/texlive/texmf-dist/tex/latex/oberdiek/epstopdf-base.sty
Package: epstopdf-base 2010/02/09 v2.5 Base part for package epstopdf

(/usr/share/texlive/texmf-dist/tex/latex/oberdiek/grfext.sty
Package: grfext 2010/08/19 v1.1 Manage graphics extensions (HO)

(/usr/share/texlive/texmf-dist/tex/generic/oberdiek/kvdefinekeys.sty
Package: kvdefinekeys 2011/04/07 v1.3 Define keys (HO)
))
(/usr/share/texlive/texmf-dist/tex/latex/oberdiek/kvoptions.sty
Package: kvoptions 2011/06/30 v3.11 Key value format for package options (HO)

(/usr/share/texlive/texmf-dist/tex/generic/oberdiek/kvsetkeys.sty
Package: kvsetkeys 2012/04/25 v1.16 Key value parser (HO)

(/usr/share/texlive/texmf-dist/tex/generic/oberdiek/etexcmds.sty
Package: etexcmds 2011/02/16 v1.5 Avoid name clashes with e-TeX commands (HO)

(/usr/share/texlive/texmf-dist/tex/generic/oberdiek/ifluatex.sty
Package: ifluatex 2010/03/01 v1.3 Provides the ifluatex switch (HO)
Package ifluatex Info: LuaTeX not detected.
)
Package etexcmds Info: Could not find \expanded.
(etexcmds)             That can mean that you are not using pdfTeX 1.50 or
(etexcmds)             that some package has redefined \expanded.
(etexcmds)             In the latter case, load this package earlier.
)))
(/usr/share/texlive/texmf-dist/tex/generic/oberdiek/pdftexcmds.sty
Package: pdftexcmds 2011/11/29 v0.20 Utility functions of pdfTeX for LuaTeX (HO
)

(/usr/share/texlive/texmf-dist/tex/generic/oberdiek/ifpdf.sty
Package: ifpdf 2011/01/30 v2.3 Provides the ifpdf switch (HO)
Package ifpdf Info: pdfTeX in PDF mode is detected.
)
Package pdftexcmds Info: LuaTeX not detected.
Package pdftexcmds Info: \pdf@primitive is available.
Package pdftexcmds Info: \pdf@ifprimitive is available.
Package pdftexcmds Info: \pdfdraftmode found.
)
Package grfext Info: Graphics extension search list:
(grfext)             [.png,.pdf,.jpg,.mps,.jpeg,.jbig2,.jb2,.PNG,.PDF,.JPG,.JPE
G,.JBIG2,.JB2,.eps]
(grfext)             \AppendGraphicsExtensions on input line 452.

(/usr/share/texlive/texmf-dist/tex/latex/latexconfig/epstopdf-sys.cfg
File: epstopdf-sys.cfg 2010/07/13 v1.3 Configuration of (r)epstopdf for TeX Liv
e
)))
(/usr/share/texlive/texmf-dist/tex/latex/preprint/balance.sty
Package: balance 1999/02/23 4.3 (PWD)
\oldvsize=\dimen123
)
(/usr/share/texlive/texmf-dist/tex/latex/comment/comment.sty
\CommentStream=\write3

Excluding comment 'comment')
(/usr/share/texlive/texmf-dist/tex/latex/psnfss/times.sty
Package: times 2005/04/12 PSNFSS-v9.2a (SPQR) 
)
(/usr/share/texlive/texmf-dist/tex/latex/subfigure/subfigure.sty
Package: subfigure 2002/03/15 v2.1.5 subfigure package


Package subfigure Warning: Your document class has a bad definition
 of \endfigure, most likely
 \let\endfigure=\end@float
 which has now been changed to
 \def\endfigure{\end@float}
 because otherwise subsequent changes to \end@float
 (like done by several packages changing float behaviour)
 can't take effect on \endfigure.
 Please complain to your document class author.


Package subfigure Warning: Your document class has a bad definition
 of \endtable, most likely
 \let\endtable=\end@float
 which has now been changed to
 \def\endtable{\end@float}
 because otherwise subsequent changes to \end@float
 (like done by several packages changing float behaviour)
 can't take effect on \endtable.
 Please complain to your document class author.

\subfigtopskip=\skip46
\subfigcapskip=\skip47
\subfigcaptopadj=\dimen124
\subfigbottomskip=\skip48
\subfigcapmargin=\dimen125
\subfiglabelskip=\skip49
\c@subfigure=\count109
\c@lofdepth=\count110
\c@subtable=\count111
\c@lotdepth=\count112
****************************************
* Local config file subfigure.cfg used *
****************************************
(/usr/share/texlive/texmf-dist/tex/latex/subfigure/subfigure.cfg)
\subfig@top=\skip50
\subfig@bottom=\skip51
)
(/usr/share/texlive/texmf-dist/tex/latex/endnotes/endnotes.sty
\c@endnote=\count113
\endnotesep=\dimen126
\@enotes=\write4
)
(/usr/share/texlive/texmf-dist/tex/latex/graphics/color.sty
Package: color 2005/11/14 v1.0j Standard LaTeX Color (DPC)

(/usr/share/texlive/texmf-dist/tex/latex/latexconfig/color.cfg
File: color.cfg 2007/01/18 v1.5 color configuration of teTeX/TeXLive
)
Package color Info: Driver file: pdftex.def on input line 130.
)
(/usr/share/texlive/texmf-dist/tex/latex/url/url.sty
\Urlmuskip=\muskip11
Package: url 2013/09/16  ver 3.4  Verb mode for urls, etc.
)
(/usr/share/texlive/texmf-dist/tex/latex/paralist/paralist.sty
Package: paralist 2013/06/09 v2.4 Extended list environments
\pltopsep=\skip52
\plpartopsep=\skip53
\plitemsep=\skip54
\plparsep=\skip55
\pl@lab=\toks36
)
(/usr/share/texlive/texmf-dist/tex/latex/multirow/multirow.sty
\bigstrutjot=\dimen127
)
(/usr/share/texlive/texmf-dist/tex/latex/float/float.sty
Package: float 2001/11/08 v1.3d Float enhancements (AL)
\c@float@type=\count114
\float@exts=\toks37
\float@box=\box29
\@float@everytoks=\toks38
\@floatcapt=\box30
) (./algorithm2e.sty
Package: algorithm2e 2008/00/00 v3.10 algorithms environments
\c@AlgoLine=\count115

(/usr/share/texlive/texmf-dist/tex/latex/base/ifthen.sty
Package: ifthen 2001/05/26 v1.1c Standard LaTeX ifthen package (DPC)
)
(/usr/share/texlive/texmf-dist/tex/latex/tools/xspace.sty
Package: xspace 2009/10/20 v1.13 Space after command names (DPC,MH)
)
(/usr/share/texlive/texmf-dist/tex/latex/relsize/relsize.sty
Package: relsize 2013/03/29 ver 4.1
)
********************************************************
Package `algorithm2e' Release 4.01 -- december 14 2009 --
- algorithm2e-announce@lirmm.fr mailing list for announcement about releases
- algorithm2e-discussion@lirmm.fr mailing list for discussion about package
subscribe by emailing sympa@lirmm.fr with 'subscribe <list> <firstname name>'
- Author: Christophe Fiorio (fiorio@lirmm.fr)
********************************************************
\skiptotal=\skip56
\skiplinenumber=\skip57
\skiprule=\skip58
\skiphlne=\skip59
\skiptext=\skip60
\skiplength=\skip61
\algomargin=\skip62
\skipalgocfslide=\skip63
\algowidth=\dimen128
\inoutsize=\dimen129
\inoutline=\dimen130
\interspacetitleruled=\dimen131
\interspacealgoruled=\dimen132
\interspacetitleboxruled=\dimen133
\algocf@inoutbox=\box31
\algocf@inputbox=\box32
\AlCapSkip=\skip64
\AlCapHSkip=\skip65
\algocf@nlbox=\box33
\algocf@hangingbox=\box34
\algocf@capbox=\box35
\algoheightruledefault=\skip66
\algoheightrule=\skip67
\algotitleheightruledefault=\skip68
\algotitleheightrule=\skip69
\c@algocfline=\count116
\c@algocfproc=\count117
\c@algocf=\count118
\algocf@algoframe=\box36
\algocf@algobox=\box37
) (/usr/share/texlive/texmf-dist/tex/latex/cite/cite.sty
LaTeX Info: Redefining \cite on input line 302.
LaTeX Info: Redefining \nocite on input line 373.
Package: cite 2010/09/10  v 5.3
)
(/usr/share/texlive/texmf-dist/tex/latex/tools/verbatim.sty
Package: verbatim 2003/08/22 v1.5q LaTeX2e package for verbatim enhancements
\every@verbatim=\toks39
\verbatim@line=\toks40
\verbatim@in@stream=\read1
)
(/usr/share/texlive/texmf-dist/tex/latex/hyperref/hyperref.sty
Package: hyperref 2012/11/06 v6.83m Hypertext links for LaTeX

(/usr/share/texlive/texmf-dist/tex/generic/oberdiek/hobsub-hyperref.sty
Package: hobsub-hyperref 2012/05/28 v1.13 Bundle oberdiek, subset hyperref (HO)


(/usr/share/texlive/texmf-dist/tex/generic/oberdiek/hobsub-generic.sty
Package: hobsub-generic 2012/05/28 v1.13 Bundle oberdiek, subset generic (HO)
Package: hobsub 2012/05/28 v1.13 Construct package bundles (HO)
Package hobsub Info: Skipping package `infwarerr' (already loaded).
Package hobsub Info: Skipping package `ltxcmds' (already loaded).
Package hobsub Info: Skipping package `ifluatex' (already loaded).
Package: ifvtex 2010/03/01 v1.5 Detect VTeX and its facilities (HO)
Package ifvtex Info: VTeX not detected.
Package: intcalc 2007/09/27 v1.1 Expandable calculations with integers (HO)
Package hobsub Info: Skipping package `ifpdf' (already loaded).
Package hobsub Info: Skipping package `etexcmds' (already loaded).
Package hobsub Info: Skipping package `kvsetkeys' (already loaded).
Package hobsub Info: Skipping package `kvdefinekeys' (already loaded).
Package hobsub Info: Skipping package `pdftexcmds' (already loaded).
Package: pdfescape 2011/11/25 v1.13 Implements pdfTeX's escape features (HO)
Package: bigintcalc 2012/04/08 v1.3 Expandable calculations on big integers (HO
)
Package: bitset 2011/01/30 v1.1 Handle bit-vector datatype (HO)
Package: uniquecounter 2011/01/30 v1.2 Provide unlimited unique counter (HO)
)
Package hobsub Info: Skipping package `hobsub' (already loaded).
Package: letltxmacro 2010/09/02 v1.4 Let assignment for LaTeX macros (HO)
Package: hopatch 2012/05/28 v1.2 Wrapper for package hooks (HO)
Package: xcolor-patch 2011/01/30 xcolor patch
Package: atveryend 2011/06/30 v1.8 Hooks at the very end of document (HO)
Package atveryend Info: \enddocument detected (standard20110627).
Package: atbegshi 2011/10/05 v1.16 At begin shipout hook (HO)
Package: refcount 2011/10/16 v3.4 Data extraction from label references (HO)
Package: hycolor 2011/01/30 v1.7 Color options for hyperref/bookmark (HO)
)
(/usr/share/texlive/texmf-dist/tex/generic/ifxetex/ifxetex.sty
Package: ifxetex 2010/09/12 v0.6 Provides ifxetex conditional
)
(/usr/share/texlive/texmf-dist/tex/latex/oberdiek/auxhook.sty
Package: auxhook 2011/03/04 v1.3 Hooks for auxiliary files (HO)
)
\@linkdim=\dimen134
\Hy@linkcounter=\count119
\Hy@pagecounter=\count120

(/usr/share/texlive/texmf-dist/tex/latex/hyperref/pd1enc.def
File: pd1enc.def 2012/11/06 v6.83m Hyperref: PDFDocEncoding definition (HO)
)
\Hy@SavedSpaceFactor=\count121

(/usr/share/texlive/texmf-dist/tex/latex/latexconfig/hyperref.cfg
File: hyperref.cfg 2002/06/06 v1.2 hyperref configuration of TeXLive
)
Package hyperref Info: Hyper figures OFF on input line 4443.
Package hyperref Info: Link nesting OFF on input line 4448.
Package hyperref Info: Hyper index ON on input line 4451.
Package hyperref Info: Plain pages OFF on input line 4458.
Package hyperref Info: Backreferencing OFF on input line 4463.
Package hyperref Info: Implicit mode ON; LaTeX internals redefined.
Package hyperref Info: Bookmarks ON on input line 4688.
\c@Hy@tempcnt=\count122
LaTeX Info: Redefining \url on input line 5041.
\XeTeXLinkMargin=\dimen135
\Fld@menulength=\count123
\Field@Width=\dimen136
\Fld@charsize=\dimen137
Package hyperref Info: Hyper figures OFF on input line 6295.
Package hyperref Info: Link nesting OFF on input line 6300.
Package hyperref Info: Hyper index ON on input line 6303.
Package hyperref Info: backreferencing OFF on input line 6310.
Package hyperref Info: Link coloring OFF on input line 6315.
Package hyperref Info: Link coloring with OCG OFF on input line 6320.
Package hyperref Info: PDF/A mode OFF on input line 6325.
LaTeX Info: Redefining \ref on input line 6365.
LaTeX Info: Redefining \pageref on input line 6369.


Package hyperref Warning: Option `pdfpagelabels' is turned off
(hyperref)                because \thepage is undefined.

\c@Item=\count124
\c@Hfootnote=\count125
)

Package hyperref Message: Driver: hpdftex.

(/usr/share/texlive/texmf-dist/tex/latex/hyperref/hpdftex.def
File: hpdftex.def 2012/11/06 v6.83m Hyperref driver for pdfTeX
\Fld@listcount=\count126
\c@bookmark@seq@number=\count127

(/usr/share/texlive/texmf-dist/tex/latex/oberdiek/rerunfilecheck.sty
Package: rerunfilecheck 2011/04/15 v1.7 Rerun checks for auxiliary files (HO)
Package uniquecounter Info: New unique counter `rerunfilecheck' on input line 2
82.
)
\Hy@SectionHShift=\skip70
)
Package hyperref Info: Option `bookmarksnumbered' set `true' on input line 49.
Package hyperref Info: Option `colorlinks' set `true' on input line 49.
Package hyperref Info: Option `breaklinks' set `true' on input line 49.

No file main.aux.
\openout1 = `main.aux'.

LaTeX Font Info:    Checking defaults for OML/cmm/m/it on input line 67.
LaTeX Font Info:    ... okay on input line 67.
LaTeX Font Info:    Checking defaults for T1/cmr/m/n on input line 67.
LaTeX Font Info:    ... okay on input line 67.
LaTeX Font Info:    Checking defaults for OT1/cmr/m/n on input line 67.
LaTeX Font Info:    ... okay on input line 67.
LaTeX Font Info:    Checking defaults for OMS/cmsy/m/n on input line 67.
LaTeX Font Info:    ... okay on input line 67.
LaTeX Font Info:    Checking defaults for OMX/cmex/m/n on input line 67.
LaTeX Font Info:    ... okay on input line 67.
LaTeX Font Info:    Checking defaults for U/cmr/m/n on input line 67.
LaTeX Font Info:    ... okay on input line 67.
LaTeX Font Info:    Checking defaults for PD1/pdf/m/n on input line 67.
LaTeX Font Info:    ... okay on input line 67.
LaTeX Font Info:    Try loading font information for OT1+ptm on input line 67.
(/usr/share/texlive/texmf-dist/tex/latex/psnfss/ot1ptm.fd
File: ot1ptm.fd 2001/06/04 font definitions for OT1/ptm.
)
(/usr/share/texlive/texmf-dist/tex/context/base/supp-pdf.mkii
[Loading MPS to PDF converter (version 2006.09.02).]
\scratchcounter=\count128
\scratchdimen=\dimen138
\scratchbox=\box38
\nofMPsegments=\count129
\nofMParguments=\count130
\everyMPshowfont=\toks41
\MPscratchCnt=\count131
\MPscratchDim=\dimen139
\MPnumerator=\count132
\makeMPintoPDFobject=\count133
\everyMPtoPDFconversion=\toks42
)
\AtBeginShipoutBox=\box39
Package hyperref Info: Link coloring ON on input line 67.
 (/usr/share/texlive/texmf-dist/tex/latex/hyperref/nameref.sty
Package: nameref 2012/10/27 v2.43 Cross-referencing by name of section

(/usr/share/texlive/texmf-dist/tex/generic/oberdiek/gettitlestring.sty
Package: gettitlestring 2010/12/03 v1.4 Cleanup title references (HO)
)
\c@section@level=\count134
)
LaTeX Info: Redefining \ref on input line 67.
LaTeX Info: Redefining \pageref on input line 67.
LaTeX Info: Redefining \nameref on input line 67.
\@outlinefile=\write5
\openout5 = `main.out'.

LaTeX Font Info:    Try loading font information for U+msa on input line 108.

(/usr/share/texlive/texmf-dist/tex/latex/amsfonts/umsa.fd
File: umsa.fd 2013/01/14 v3.01 AMS symbols A
)
LaTeX Font Info:    Try loading font information for U+msb on input line 108.

(/usr/share/texlive/texmf-dist/tex/latex/amsfonts/umsb.fd
File: umsb.fd 2013/01/14 v3.01 AMS symbols B
)
LaTeX Font Info:    Try loading font information for U+lasy on input line 108.

(/usr/share/texlive/texmf-dist/tex/latex/base/ulasy.fd
File: ulasy.fd 1998/08/17 v2.2e LaTeX symbol font definitions
) (./abstract.tex)
(./intro.tex
LaTeX Font Info:    Font shape `OT1/ptm/bx/n' in size <10> not available
(Font)              Font shape `OT1/ptm/b/n' tried instead on input line 11.


LaTeX Warning: Citation `googleglass' on page \thepage  undefined on input line
 11.


LaTeX Warning: Citation `smartwatch' on page \thepage  undefined on input line 
11.


LaTeX Warning: Citation `fitbit' on page \thepage  undefined on input line 11.


LaTeX Warning: Citation `hoyle2015sensitive' on page \thepage  undefined on inp
ut line 27.


LaTeX Warning: Citation `hoyle2014privacy' on page \thepage  undefined on input
 line 27.


LaTeX Warning: Citation `jana2013scanner' on page \thepage  undefined on input 
line 27.


LaTeX Warning: Citation `fitbit' on page \thepage  undefined on input line 42.


LaTeX Warning: Citation `smartwatch' on page \thepage  undefined on input line 
42.


LaTeX Warning: Citation `googleglass' on page \thepage  undefined on input line
 48.


LaTeX Warning: Citation `fitbit' on page \thepage  undefined on input line 48.


Underfull \vbox (badness 1552) has occurred while \output is active []


<figure/headbanger_illustrate.png, id=4, 931.98187pt x 286.06876pt>
File: figure/headbanger_illustrate.png Graphic file (type png)

<use figure/headbanger_illustrate.png>
Package pdftex.def Info: figure/headbanger_illustrate.png used on input line 82
.
(pdftex.def)             Requested size: 243.98238pt x 74.88683pt.
LaTeX Font Info:    Font shape `OT1/ptm/bx/n' in size <8> not available
(Font)              Font shape `OT1/ptm/b/n' tried instead on input line 85.


LaTeX Warning: Citation `rahman2014bodybeat' on page \thepage  undefined on inp
ut line 89.


LaTeX Warning: Citation `cornelius2014wearable' on page \thepage  undefined on 
input line 89.


LaTeX Warning: Citation `stevenage1999visual' on page \thepage  undefined on in
put line 89.


LaTeX Warning: Citation `okumura2006study' on page \thepage  undefined on input
 line 89.


LaTeX Warning: Citation `monrose2000keystroke' on page \thepage  undefined on i
nput line 89.


LaTeX Warning: Citation `jorgensen2011mouse' on page \thepage  undefined on inp
ut line 89.


LaTeX Warning: Citation `bo2013silentsense' on page \thepage  undefined on inpu
t line 89.


LaTeX Warning: Citation `de2012touch' on page \thepage  undefined on input line
 89.


Underfull \vbox (badness 1400) has occurred while \output is active []

 [1{/var/lib/texmf/fonts/map/pdftex/updmap/pdftex.map}


Non-PDF special ignored!

 <./figure/headbanger_illustrate.png>]
Underfull \vbox (badness 10000) has occurred while \output is active []

)
(./background.tex

LaTeX Warning: Citation `jain2004introduction' on page \thepage  undefined on i
nput line 42.


LaTeX Warning: Citation `o2003comparing' on page \thepage  undefined on input l
ine 42.


LaTeX Warning: Citation `yampolskiy2007motor' on page \thepage  undefined on in
put line 42.


LaTeX Warning: Citation `collins2002silhouette' on page \thepage  undefined on 
input line 49.


LaTeX Warning: Citation `ailisto2006soft' on page \thepage  undefined on input 
line 51.


LaTeX Warning: Citation `nymi' on page \thepage  undefined on input line 56.


LaTeX Warning: Citation `stevenage1999visual' on page \thepage  undefined on in
put line 72.


LaTeX Warning: Citation `okumura2006study' on page \thepage  undefined on input
 line 72.


LaTeX Warning: Citation `monrose2000keystroke' on page \thepage  undefined on i
nput line 75.


LaTeX Warning: Citation `jorgensen2011mouse' on page \thepage  undefined on inp
ut line 79.


LaTeX Warning: Citation `bo2013silentsense' on page \thepage  undefined on inpu
t line 80.


LaTeX Warning: Citation `de2012touch' on page \thepage  undefined on input line
 80.

pdfTeX warning (ext4): destination with the same identifier (name{page.}) has b
een already used, duplicate ignored
<to be read again> 
                   \relax 
l.95 
      [2]

LaTeX Warning: Citation `jain2004introduction' on page \thepage  undefined on i
nput line 108.


LaTeX Warning: Citation `zentner2010rhythmic' on page \thepage  undefined on in
put line 117.


LaTeX Warning: Reference `fig:raw' on page \thepage  undefined on input line 12
9.

Package epstopdf Info: Source file: <figure/raw_x.eps>
(epstopdf)                    date: 2015-09-10 15:09:40
(epstopdf)                    size: 79758 bytes
(epstopdf)             Output file: <figure/raw_x-eps-converted-to.pdf>
(epstopdf)             Command: <repstopdf --outfile=figure/raw_x-eps-converted
-to.pdf figure/raw_x.eps>
(epstopdf)             \includegraphics on input line 144.
runsystem(repstopdf --outfile=figure/raw_x-eps-converted-to.pdf figure/raw_x.ep
s)...executed safely (allowed).

Package epstopdf Info: Result file: <figure/raw_x-eps-converted-to.pdf>
(epstopdf)                    date: 2015-09-13 23:08:39
(epstopdf)                    size: 35278 bytes.
<figure/raw_x-eps-converted-to.pdf, id=25, 587.19376pt x 442.65375pt>
File: figure/raw_x-eps-converted-to.pdf Graphic file (type pdf)

<use figure/raw_x-eps-converted-to.pdf>
Package pdftex.def Info: figure/raw_x-eps-converted-to.pdf used on input line 1
44.
(pdftex.def)             Requested size: 169.0103pt x 127.40717pt.
Package epstopdf Info: Source file: <figure/raw_y.eps>
(epstopdf)                    date: 2015-09-10 15:09:40
(epstopdf)                    size: 75434 bytes
(epstopdf)             Output file: <figure/raw_y-eps-converted-to.pdf>
(epstopdf)             Command: <repstopdf --outfile=figure/raw_y-eps-converted
-to.pdf figure/raw_y.eps>
(epstopdf)             \includegraphics on input line 145.
runsystem(repstopdf --outfile=figure/raw_y-eps-converted-to.pdf figure/raw_y.ep
s)...executed safely (allowed).

Package epstopdf Info: Result file: <figure/raw_y-eps-converted-to.pdf>
(epstopdf)                    date: 2015-09-13 23:08:40
(epstopdf)                    size: 32896 bytes.

<figure/raw_y-eps-converted-to.pdf, id=26, 587.19376pt x 442.65375pt>
File: figure/raw_y-eps-converted-to.pdf Graphic file (type pdf)

<use figure/raw_y-eps-converted-to.pdf>
Package pdftex.def Info: figure/raw_y-eps-converted-to.pdf used on input line 1
45.
(pdftex.def)             Requested size: 169.0103pt x 127.40717pt.
Package epstopdf Info: Source file: <figure/raw_z.eps>
(epstopdf)                    date: 2015-09-10 15:09:40
(epstopdf)                    size: 76541 bytes
(epstopdf)             Output file: <figure/raw_z-eps-converted-to.pdf>
(epstopdf)             Command: <repstopdf --outfile=figure/raw_z-eps-converted
-to.pdf figure/raw_z.eps>
(epstopdf)             \includegraphics on input line 146.
runsystem(repstopdf --outfile=figure/raw_z-eps-converted-to.pdf figure/raw_z.ep
s)...executed safely (allowed).

Package epstopdf Info: Result file: <figure/raw_z-eps-converted-to.pdf>
(epstopdf)                    date: 2015-09-13 23:08:40
(epstopdf)                    size: 33958 bytes.

<figure/raw_z-eps-converted-to.pdf, id=27, 587.19376pt x 442.65375pt>
File: figure/raw_z-eps-converted-to.pdf Graphic file (type pdf)

<use figure/raw_z-eps-converted-to.pdf>
Package pdftex.def Info: figure/raw_z-eps-converted-to.pdf used on input line 1
46.
(pdftex.def)             Requested size: 169.0103pt x 127.40717pt.

Overfull \hbox (27.28127pt too wide) in paragraph at lines 143--149
 [] 
 []

) (./feature.tex
Missing character: There is no ‚ in font ptmr7t!
Missing character: There is no Ä in font ptmr7t!
Missing character: There is no ú in font ptmr7t!
Missing character: There is no ‚ in font ptmr7t!
Missing character: There is no Ä in font ptmr7t!
Missing character: There is no ù in font ptmr7t!


LaTeX Warning: Citation `eyeblink' on page \thepage  undefined on input line 6.



LaTeX Warning: Citation `tapbeat' on page \thepage  undefined on input line 6.

<figure/width_amp_box.png, id=28, 1686.0591pt x 922.8879pt>
File: figure/width_amp_box.png Graphic file (type png)

<use figure/width_amp_box.png>
Package pdftex.def Info: figure/width_amp_box.png used on input line 9.
(pdftex.def)             Requested size: 243.98238pt x 133.54071pt.

<figure/resp_time_cos.png, id=30, 586.8324pt x 442.2924pt>
File: figure/resp_time_cos.png Graphic file (type png)

<use figure/resp_time_cos.png>
Package pdftex.def Info: figure/resp_time_cos.png used on input line 16.
(pdftex.def)             Requested size: 169.0103pt x 127.37741pt.

<figure/resp_time_cor.png, id=31, 586.8324pt x 442.2924pt>
File: figure/resp_time_cor.png Graphic file (type png)

<use figure/resp_time_cor.png>
Package pdftex.def Info: figure/resp_time_cor.png used on input line 17.
(pdftex.def)             Requested size: 169.0103pt x 127.37741pt.

<figure/resp_time_dtw.png, id=32, 586.8324pt x 442.2924pt>
File: figure/resp_time_dtw.png Graphic file (type png)

<use figure/resp_time_dtw.png>
Package pdftex.def Info: figure/resp_time_dtw.png used on input line 18.
(pdftex.def)             Requested size: 169.0103pt x 127.37741pt.

Overfull \hbox (27.28127pt too wide) in paragraph at lines 15--21
 [] 
 []


LaTeX Warning: Reference `fig:width_amp' on page \thepage  undefined on input l
ine 27.

Missing character: There is no ‚ in font ptmr7t!
Missing character: There is no Ä in font ptmr7t!
Missing character: There is no ô in font ptmr7t!

LaTeX Warning: Reference `fig:distance' on page \thepage  undefined on input li
ne 27.


LaTeX Warning: Citation `citedtw' on page \thepage  undefined on input line 27.



LaTeX Warning: Reference `fig:resp_time_dtw' on page \thepage  undefined on inp
ut line 27.

) (./system.texpdfTeX warning (ext4): destination with the same identifier (nam
e{page.}) has been already used, duplicate ignored
<to be read again> 
                   \relax 
l.1 \section
            {Headbanger System Design} [3 <./figure/width_amp_box.png>]

LaTeX Warning: File `figure/sysarch.eps' not found on input line 6.

Package epstopdf Info: Source file: <figure/sysarch.eps>
(epstopdf)             Output file: <figure/sysarch-eps-converted-to.pdf>
(epstopdf)                    date: 2015-09-10 15:09:42
(epstopdf)                    size: 34998 bytes
(epstopdf)             Command: <repstopdf --outfile=figure/sysarch-eps-convert
ed-to.pdf figure/sysarch.eps>
(epstopdf)             \includegraphics on input line 6.
Package epstopdf Info: Output file is already uptodate.
<figure/sysarch-eps-converted-to.pdf, id=41, 240.9pt x 235.88126pt>
File: figure/sysarch-eps-converted-to.pdf Graphic file (type pdf)

<use figure/sysarch-eps-converted-to.pdf>
Package pdftex.def Info: figure/sysarch-eps-converted-to.pdf used on input line
 6.
(pdftex.def)             Requested size: 231.7825pt x 226.96172pt.
LaTeX Font Info:    Font shape `OT1/ptm/bx/it' in size <8> not available
(Font)              Font shape `OT1/ptm/b/it' tried instead on input line 7.


LaTeX Warning: `h' float specifier changed to `ht'.

Package epstopdf Info: Source file: <figure/freq_x.eps>
(epstopdf)                    date: 2015-09-10 15:09:40
(epstopdf)                    size: 31680 bytes
(epstopdf)             Output file: <figure/freq_x-eps-converted-to.pdf>
(epstopdf)             Command: <repstopdf --outfile=figure/freq_x-eps-converte
d-to.pdf figure/freq_x.eps>
(epstopdf)             \includegraphics on input line 14.
runsystem(repstopdf --outfile=figure/freq_x-eps-converted-to.pdf figure/freq_x.
eps)...executed safely (allowed).

Package epstopdf Info: Result file: <figure/freq_x-eps-converted-to.pdf>
(epstopdf)                    date: 2015-09-13 23:08:41
(epstopdf)                    size: 16424 bytes.
<figure/freq_x-eps-converted-to.pdf, id=42, 587.19376pt x 442.65375pt>
File: figure/freq_x-eps-converted-to.pdf Graphic file (type pdf)

<use figure/freq_x-eps-converted-to.pdf>
Package pdftex.def Info: figure/freq_x-eps-converted-to.pdf used on input line 
14.
(pdftex.def)             Requested size: 169.0103pt x 127.40717pt.
Package epstopdf Info: Source file: <figure/freq_y.eps>
(epstopdf)                    date: 2015-09-10 15:09:40
(epstopdf)                    size: 31688 bytes
(epstopdf)             Output file: <figure/freq_y-eps-converted-to.pdf>
(epstopdf)             Command: <repstopdf --outfile=figure/freq_y-eps-converte
d-to.pdf figure/freq_y.eps>
(epstopdf)             \includegraphics on input line 15.
runsystem(repstopdf --outfile=figure/freq_y-eps-converted-to.pdf figure/freq_y.
eps)...executed safely (allowed).

Package epstopdf Info: Result file: <figure/freq_y-eps-converted-to.pdf>
(epstopdf)                    date: 2015-09-13 23:08:42
(epstopdf)                    size: 16496 bytes.

<figure/freq_y-eps-converted-to.pdf, id=43, 587.19376pt x 442.65375pt>
File: figure/freq_y-eps-converted-to.pdf Graphic file (type pdf)

<use figure/freq_y-eps-converted-to.pdf>
Package pdftex.def Info: figure/freq_y-eps-converted-to.pdf used on input line 
15.
(pdftex.def)             Requested size: 169.0103pt x 127.40717pt.
Package epstopdf Info: Source file: <figure/freq_z.eps>
(epstopdf)                    date: 2015-09-10 15:09:40
(epstopdf)                    size: 31690 bytes
(epstopdf)             Output file: <figure/freq_z-eps-converted-to.pdf>
(epstopdf)             Command: <repstopdf --outfile=figure/freq_z-eps-converte
d-to.pdf figure/freq_z.eps>
(epstopdf)             \includegraphics on input line 16.
runsystem(repstopdf --outfile=figure/freq_z-eps-converted-to.pdf figure/freq_z.
eps)...executed safely (allowed).

Package epstopdf Info: Result file: <figure/freq_z-eps-converted-to.pdf>
(epstopdf)                    date: 2015-09-13 23:08:42
(epstopdf)                    size: 16424 bytes.

<figure/freq_z-eps-converted-to.pdf, id=44, 587.19376pt x 442.65375pt>
File: figure/freq_z-eps-converted-to.pdf Graphic file (type pdf)

<use figure/freq_z-eps-converted-to.pdf>
Package pdftex.def Info: figure/freq_z-eps-converted-to.pdf used on input line 
16.
(pdftex.def)             Requested size: 169.0103pt x 127.40717pt.

Overfull \hbox (27.28127pt too wide) in paragraph at lines 13--19
 [] 
 []

<figure/roc_dtw_cos_cor.png, id=45, 586.8324pt x 442.2924pt>
File: figure/roc_dtw_cos_cor.png Graphic file (type png)

<use figure/roc_dtw_cos_cor.png>
Package pdftex.def Info: figure/roc_dtw_cos_cor.png used on input line 26.
(pdftex.def)             Requested size: 243.98238pt x 183.88536pt.

<figure/roc_dtw_diff_freq.png, id=46, 586.8324pt x 442.2924pt>
File: figure/roc_dtw_diff_freq.png Graphic file (type png)

<use figure/roc_dtw_diff_freq.png>
Package pdftex.def Info: figure/roc_dtw_diff_freq.png used on input line 31.
(pdftex.def)             Requested size: 243.98238pt x 183.88536pt.


LaTeX Warning: Citation `googleglass' on page \thepage  undefined on input line
 54.


LaTeX Warning: Reference `fig:sysarch' on page \thepage  undefined on input lin
e 69.


Underfull \vbox (badness 10000) has occurred while \output is active []

pdfTeX warning (ext4): destination with the same identifier (name{page.}) has b
een already used, duplicate ignored
<to be read again> 
                   \relax 
l.77 \vspace{-2pt}\item {
                         \em Filtering}: The accelerometer signals are filte...
[4 <./figure/raw_x-eps-converted-to.pdf> <./figure/raw_y-eps-converted-to.pdf> 
<./figure/raw_z-eps-converted-to.pdf> <./figure/resp_time_cos.png> <./figure/re
sp_time_cor.png> <./figure/resp_time_dtw.png>]

LaTeX Warning: Citation `dtw' on page \thepage  undefined on input line 80.

pdfTeX warning (ext4): destination with the same identifier (name{page.}) has b
een already used, duplicate ignored
<to be read again> 
                   \relax 
l.93 \end{itemize}
                   [5 <./figure/freq_x-eps-converted-to.pdf> <./figure/freq_y-e
ps-converted-to.pdf> <./figure/freq_z-eps-converted-to.pdf> <./figure/sysarch-e
ps-converted-to.pdf> <./figure/roc_dtw_cos_cor.png> <./figure/roc_dtw_diff_freq
.png>]

LaTeX Warning: Reference `fig:headbanger-illustrate' on page \thepage  undefine
d on input line 116.

Package epstopdf Info: Source file: <figure/filtered_x.eps>
(epstopdf)                    date: 2015-09-10 15:09:40
(epstopdf)                    size: 64865 bytes
(epstopdf)             Output file: <figure/filtered_x-eps-converted-to.pdf>
(epstopdf)             Command: <repstopdf --outfile=figure/filtered_x-eps-conv
erted-to.pdf figure/filtered_x.eps>
(epstopdf)             \includegraphics on input line 136.
runsystem(repstopdf --outfile=figure/filtered_x-eps-converted-to.pdf figure/fil
tered_x.eps)...executed safely (allowed).

Package epstopdf Info: Result file: <figure/filtered_x-eps-converted-to.pdf>
(epstopdf)                    date: 2015-09-13 23:08:43
(epstopdf)                    size: 30243 bytes.
<figure/filtered_x-eps-converted-to.pdf, id=262, 587.19376pt x 442.65375pt>
File: figure/filtered_x-eps-converted-to.pdf Graphic file (type pdf)

<use figure/filtered_x-eps-converted-to.pdf>
Package pdftex.def Info: figure/filtered_x-eps-converted-to.pdf used on input l
ine 136.
(pdftex.def)             Requested size: 169.0103pt x 127.40717pt.
Package epstopdf Info: Source file: <figure/filtered_y.eps>
(epstopdf)                    date: 2015-09-10 15:09:40
(epstopdf)                    size: 62641 bytes
(epstopdf)             Output file: <figure/filtered_y-eps-converted-to.pdf>
(epstopdf)             Command: <repstopdf --outfile=figure/filtered_y-eps-conv
erted-to.pdf figure/filtered_y.eps>
(epstopdf)             \includegraphics on input line 137.
runsystem(repstopdf --outfile=figure/filtered_y-eps-converted-to.pdf figure/fil
tered_y.eps)...executed safely (allowed).

Package epstopdf Info: Result file: <figure/filtered_y-eps-converted-to.pdf>
(epstopdf)                    date: 2015-09-13 23:08:44
(epstopdf)                    size: 28716 bytes.

<figure/filtered_y-eps-converted-to.pdf, id=263, 587.19376pt x 442.65375pt>
File: figure/filtered_y-eps-converted-to.pdf Graphic file (type pdf)

<use figure/filtered_y-eps-converted-to.pdf>
Package pdftex.def Info: figure/filtered_y-eps-converted-to.pdf used on input l
ine 137.
(pdftex.def)             Requested size: 169.0103pt x 127.40717pt.
Package epstopdf Info: Source file: <figure/filtered_z.eps>
(epstopdf)                    date: 2015-09-10 15:09:40
(epstopdf)                    size: 60129 bytes
(epstopdf)             Output file: <figure/filtered_z-eps-converted-to.pdf>
(epstopdf)             Command: <repstopdf --outfile=figure/filtered_z-eps-conv
erted-to.pdf figure/filtered_z.eps>
(epstopdf)             \includegraphics on input line 138.
runsystem(repstopdf --outfile=figure/filtered_z-eps-converted-to.pdf figure/fil
tered_z.eps)...executed safely (allowed).

Package epstopdf Info: Result file: <figure/filtered_z-eps-converted-to.pdf>
(epstopdf)                    date: 2015-09-13 23:08:44
(epstopdf)                    size: 28445 bytes.

<figure/filtered_z-eps-converted-to.pdf, id=264, 587.19376pt x 442.65375pt>
File: figure/filtered_z-eps-converted-to.pdf Graphic file (type pdf)

<use figure/filtered_z-eps-converted-to.pdf>
Package pdftex.def Info: figure/filtered_z-eps-converted-to.pdf used on input l
ine 138.
(pdftex.def)             Requested size: 169.0103pt x 127.40717pt.

Overfull \hbox (27.28127pt too wide) in paragraph at lines 135--141
 [] 
 []


LaTeX Warning: Reference `fig:raw_freq' on page \thepage  undefined on input li
ne 166.


LaTeX Warning: Citation `beats' on page \thepage  undefined on input line 172.


LaTeX Warning: Citation `challis1983design' on page \thepage  undefined on inpu
t line 179.


LaTeX Warning: Reference `fig:filteredacc' on page \thepage  undefined on input
 line 183.


LaTeX Warning: Reference `fig:raw' on page \thepage  undefined on input line 18
5.


LaTeX Warning: Citation `dtw' on page \thepage  undefined on input line 199.


Underfull \vbox (badness 1859) has occurred while \output is active []

pdfTeX warning (ext4): destination with the same identifier (name{page.}) has b
een already used, duplicate ignored
<to be read again> 
                   \relax 
l.223 
       [6]) (./evaluation.texpdfTeX warning (ext4): destination with the same i
dentifier (name{page.}) has been already used, duplicate ignored
<to be read again> 
                   \relax 
l.72 \paragraph{Procedure}
                           [7 <./figure/filtered_x-eps-converted-to.pdf> <./fig
ure/filtered_y-eps-converted-to.pdf> <./figure/filtered_z-eps-converted-to.pdf>
]
Package epstopdf Info: Source file: <figure/top1_roc.eps>
(epstopdf)                    date: 2015-09-10 15:09:42
(epstopdf)                    size: 46872 bytes
(epstopdf)             Output file: <figure/top1_roc-eps-converted-to.pdf>
(epstopdf)             Command: <repstopdf --outfile=figure/top1_roc-eps-conver
ted-to.pdf figure/top1_roc.eps>
(epstopdf)             \includegraphics on input line 138.
runsystem(repstopdf --outfile=figure/top1_roc-eps-converted-to.pdf figure/top1_
roc.eps)...executed safely (allowed).

Package epstopdf Info: Result file: <figure/top1_roc-eps-converted-to.pdf>
(epstopdf)                    date: 2015-09-13 23:08:45
(epstopdf)                    size: 24780 bytes.
 <figure/top1_roc-eps-converted-to.pdf, id=378, 587.19376pt x 442.65375pt>
File: figure/top1_roc-eps-converted-to.pdf Graphic file (type pdf)

<use figure/top1_roc-eps-converted-to.pdf>
Package pdftex.def Info: figure/top1_roc-eps-converted-to.pdf used on input lin
e 138.
(pdftex.def)             Requested size: 243.98238pt x 183.92076pt.
Package epstopdf Info: Source file: <figure/top3_roc.eps>
(epstopdf)                    date: 2015-09-10 15:09:42
(epstopdf)                    size: 47111 bytes
(epstopdf)             Output file: <figure/top3_roc-eps-converted-to.pdf>
(epstopdf)             Command: <repstopdf --outfile=figure/top3_roc-eps-conver
ted-to.pdf figure/top3_roc.eps>
(epstopdf)             \includegraphics on input line 147.
runsystem(repstopdf --outfile=figure/top3_roc-eps-converted-to.pdf figure/top3_
roc.eps)...executed safely (allowed).

Package epstopdf Info: Result file: <figure/top3_roc-eps-converted-to.pdf>
(epstopdf)                    date: 2015-09-13 23:08:45
(epstopdf)                    size: 24940 bytes.

<figure/top3_roc-eps-converted-to.pdf, id=379, 587.19376pt x 442.65375pt>
File: figure/top3_roc-eps-converted-to.pdf Graphic file (type pdf)

<use figure/top3_roc-eps-converted-to.pdf>
Package pdftex.def Info: figure/top3_roc-eps-converted-to.pdf used on input lin
e 147.
(pdftex.def)             Requested size: 243.98238pt x 183.92076pt.
Package epstopdf Info: Source file: <figure/exp2_vary_length.eps>
(epstopdf)                    date: 2015-09-10 15:09:40
(epstopdf)                    size: 25912 bytes
(epstopdf)             Output file: <figure/exp2_vary_length-eps-converted-to.p
df>
(epstopdf)             Command: <repstopdf --outfile=figure/exp2_vary_length-ep
s-converted-to.pdf figure/exp2_vary_length.eps>
(epstopdf)             \includegraphics on input line 156.
runsystem(repstopdf --outfile=figure/exp2_vary_length-eps-converted-to.pdf figu
re/exp2_vary_length.eps)...executed safely (allowed).

Package epstopdf Info: Result file: <figure/exp2_vary_length-eps-converted-to.p
df>
(epstopdf)                    date: 2015-09-13 23:08:46
(epstopdf)                    size: 18651 bytes.

<figure/exp2_vary_length-eps-converted-to.pdf, id=380, 587.19376pt x 442.65375p
t>
File: figure/exp2_vary_length-eps-converted-to.pdf Graphic file (type pdf)
 <use figure/exp2_vary_length-eps-converted-to.pdf>
Package pdftex.def Info: figure/exp2_vary_length-eps-converted-to.pdf used on i
nput line 156.
(pdftex.def)             Requested size: 243.98238pt x 183.92076pt.


LaTeX Warning: Reference `fig:roc-top1' on page \thepage  undefined on input li
ne 178.


LaTeX Warning: Reference `fig:roc-top3' on page \thepage  undefined on input li
ne 178.


LaTeX Warning: Reference `fig:eer-length' on page \thepage  undefined on input 
line 178.


LaTeX Warning: Reference `fig:roc-curves' on page \thepage  undefined on input 
line 193.


LaTeX Warning: Reference `fig:roc-top1' on page \thepage  undefined on input li
ne 196.


LaTeX Warning: Reference `fig:roc-top3' on page \thepage  undefined on input li
ne 196.


LaTeX Warning: Reference `fig:eer-length' on page \thepage  undefined on input 
line 202.

pdfTeX warning (ext4): destination with the same identifier (name{page.}) has b
een already used, duplicate ignored
<to be read again> 
                   \relax 
l.214 
       [8 <./figure/top1_roc-eps-converted-to.pdf>]

LaTeX Warning: Reference `fig:roc-top1' on page \thepage  undefined on input li
ne 217.


LaTeX Warning: Reference `fig:roc-top3' on page \thepage  undefined on input li
ne 217.


LaTeX Warning: Reference `fig:eer-length' on page \thepage  undefined on input 
line 218.


LaTeX Warning: Citation `von2013patterns' on page \thepage  undefined on input 
line 230.

Package epstopdf Info: Source file: <figure/exp2_vary_size.eps>
(epstopdf)                    date: 2015-09-10 15:09:40
(epstopdf)                    size: 25915 bytes
(epstopdf)             Output file: <figure/exp2_vary_size-eps-converted-to.pdf
>
(epstopdf)             Command: <repstopdf --outfile=figure/exp2_vary_size-eps-
converted-to.pdf figure/exp2_vary_size.eps>
(epstopdf)             \includegraphics on input line 237.
runsystem(repstopdf --outfile=figure/exp2_vary_size-eps-converted-to.pdf figure
/exp2_vary_size.eps)...executed safely (allowed).

Package epstopdf Info: Result file: <figure/exp2_vary_size-eps-converted-to.pdf
>
(epstopdf)                    date: 2015-09-13 23:08:46
(epstopdf)                    size: 18603 bytes.

<figure/exp2_vary_size-eps-converted-to.pdf, id=440, 587.19376pt x 442.65375pt>
File: figure/exp2_vary_size-eps-converted-to.pdf Graphic file (type pdf)
<use figure/exp2_vary_size-eps-converted-to.pdf>
Package pdftex.def Info: figure/exp2_vary_size-eps-converted-to.pdf used on inp
ut line 237.
(pdftex.def)             Requested size: 243.98238pt x 183.92076pt.


LaTeX Warning: Reference `sec:design' on page \thepage  undefined on input line
 248.


LaTeX Warning: Reference `fig:eer-size' on page \thepage  undefined on input li
ne 252.


LaTeX Warning: Reference `fig:eer-size' on page \thepage  undefined on input li
ne 254.

Package epstopdf Info: Source file: <figure/software_arch.eps>
(epstopdf)                    date: 2015-09-10 15:09:40
(epstopdf)                    size: 411313 bytes
(epstopdf)             Output file: <figure/software_arch-eps-converted-to.pdf>

(epstopdf)             Command: <repstopdf --outfile=figure/software_arch-eps-c
onverted-to.pdf figure/software_arch.eps>
(epstopdf)             \includegraphics on input line 272.
runsystem(repstopdf --outfile=figure/software_arch-eps-converted-to.pdf figure/
software_arch.eps)...executed safely (allowed).

Package epstopdf Info: Result file: <figure/software_arch-eps-converted-to.pdf>

(epstopdf)                    date: 2015-09-13 23:08:50
(epstopdf)                    size: 92855 bytes.

<figure/software_arch-eps-converted-to.pdf, id=441, 555.07375pt x 171.64125pt>
File: figure/software_arch-eps-converted-to.pdf Graphic file (type pdf)

<use figure/software_arch-eps-converted-to.pdf>
Package pdftex.def Info: figure/software_arch-eps-converted-to.pdf used on inpu
t line 272.
(pdftex.def)             Requested size: 243.98238pt x 75.4438pt.


LaTeX Warning: Reference `fig:glass-softwarearch' on page \thepage  undefined o
n input line 280.

pdfTeX warning (ext4): destination with the same identifier (name{page.}) has b
een already used, duplicate ignored
<to be read again> 
                   \relax 
l.294 
       [9 <./figure/top3_roc-eps-converted-to.pdf> <./figure/exp2_vary_length-e
ps-converted-to.pdf> <./figure/exp2_vary_size-eps-converted-to.pdf> <./figure/s
oftware_arch-eps-converted-to.pdf>]
LaTeX Font Info:    Try loading font information for OML+ptm on input line 336.


(/usr/share/texlive/texmf-dist/tex/latex/psnfss/omlptm.fd
File: omlptm.fd 
)
LaTeX Font Info:    Font shape `OML/ptm/m/n' in size <10> not available
(Font)              Font shape `OML/cmm/m/it' tried instead on input line 336.

Overfull \hbox (1.93553pt too wide) in paragraph at lines 319--350
[][] 
 []


LaTeX Warning: Reference `tab:glass' on page \thepage  undefined on input line 
354.


LaTeX Warning: Citation `von2013patterns' on page \thepage  undefined on input 
line 365.


LaTeX Warning: Citation `egelman2014you' on page \thepage  undefined on input l
ine 365.


LaTeX Warning: Reference `tab:glass' on page \thepage  undefined on input line 
371.


LaTeX Warning: Reference `tab:glass' on page \thepage  undefined on input line 
374.


Underfull \vbox (badness 1424) has occurred while \output is active []



LaTeX Warning: Citation `salvador2007toward' on page \thepage  undefined on inp
ut line 378.


LaTeX Warning: Citation `ha2014towards' on page \thepage  undefined on input li
ne 391.

) (./discussion.tex

LaTeX Warning: Citation `likamwa2014draining' on page \thepage  undefined on in
put line 66.


LaTeX Warning: Reference `tab:pow' on page \thepage  undefined on input line 70
.

pdfTeX warning (ext4): destination with the same identifier (name{page.}) has b
een already used, duplicate ignored
<to be read again> 
                   \relax 
l.77 \subsection{Is this secure?}
                                  [10]

LaTeX Warning: Reference `sec:results' on page \thepage  undefined on input lin
e 102.


LaTeX Warning: Citation `hernandezbioglass' on page \thepage  undefined on inpu
t line 140.


LaTeX Warning: Citation `nymi' on page \thepage  undefined on input line 140.

) (./relatedwork.tex

LaTeX Warning: Citation `harwin1990analysis' on page \thepage  undefined on inp
ut line 12.


LaTeX Warning: Citation `westeyn2004recognizing' on page \thepage  undefined on
 input line 15.


LaTeX Warning: Citation `ishimaru2014blink' on page \thepage  undefined on inpu
t line 20.


LaTeX Warning: Citation `ishimaru2014blink' on page \thepage  undefined on inpu
t line 25.


LaTeX Warning: Citation `ishimaru2014blink' on page \thepage  undefined on inpu
t line 31.


LaTeX Warning: Citation `kjeldsen2001head' on page \thepage  undefined on input
 line 34.


LaTeX Warning: Citation `hernandezbioglass' on page \thepage  undefined on inpu
t line 34.


LaTeX Warning: Citation `kjeldsen2001head' on page \thepage  undefined on input
 line 35.


LaTeX Warning: Citation `hernandezbioglass' on page \thepage  undefined on inpu
t line 36.


LaTeX Warning: Citation `likamwa2014draining' on page \thepage  undefined on in
put line 41.


LaTeX Warning: Citation `ailisto2005identifying' on page \thepage  undefined on
 input line 45.


LaTeX Warning: Citation `gafurov2007gait' on page \thepage  undefined on input 
line 46.


LaTeX Warning: Citation `okumura2006study' on page \thepage  undefined on input
 line 46.


LaTeX Warning: Citation `gafurov2008arm' on page \thepage  undefined on input l
ine 46.


LaTeX Warning: Citation `gafurov2006biometric' on page \thepage  undefined on i
nput line 47.


LaTeX Warning: Citation `gafurov2011user' on page \thepage  undefined on input 
line 47.


LaTeX Warning: Citation `sae2012biometric' on page \thepage  undefined on input
 line 57.


LaTeX Warning: Citation `frank2013touchalytics' on page \thepage  undefined on 
input line 63.


LaTeX Warning: Citation `cai2013mobile' on page \thepage  undefined on input li
ne 63.


LaTeX Warning: Citation `feng2014tips' on page \thepage  undefined on input lin
e 63.


LaTeX Warning: Citation `feng2014tips' on page \thepage  undefined on input lin
e 65.


Underfull \vbox (badness 7576) has occurred while \output is active []

pdfTeX warning (ext4): destination with the same identifier (name{page.}) has b
een already used, duplicate ignored
<to be read again> 
                   \relax 
l.69 
      [11]

LaTeX Warning: Citation `reynolds2000speaker' on page \thepage  undefined on in
put line 72.


LaTeX Warning: Citation `bowyer2006survey' on page \thepage  undefined on input
 line 73.


LaTeX Warning: Citation `biddle2012graphical' on page \thepage  undefined on in
put line 73.


LaTeX Warning: Citation `sherman2014user' on page \thepage  undefined on input 
line 74.


LaTeX Warning: Citation `jain1997identity' on page \thepage  undefined on input
 line 75.

) (./summary.tex)
No file main.bbl.
Package atveryend Info: Empty hook `BeforeClearDocument' on input line 127.
pdfTeX warning (ext4): destination with the same identifier (name{page.}) has b
een already used, duplicate ignored
<to be read again> 
                   \relax 
l.127 \end{document}
                     [12]
Package atveryend Info: Empty hook `AfterLastShipout' on input line 127.
 (./main.aux)
Package atveryend Info: Empty hook `AtVeryEndDocument' on input line 127.
Package atveryend Info: Executing hook `AtEndAfterFileList' on input line 127.


Package rerunfilecheck Warning: File `main.out' has changed.
(rerunfilecheck)                Rerun to get outlines right
(rerunfilecheck)                or use package `bookmark'.

Package rerunfilecheck Info: Checksums for `main.out':
(rerunfilecheck)             Before: <no file>
(rerunfilecheck)             After:  1F7E5E99BA5C326BF84AC17EC7E8BCEF;1330.

LaTeX Warning: There were undefined references.


LaTeX Warning: Label(s) may have changed. Rerun to get cross-references right.

Package atveryend Info: Empty hook `AtVeryVeryEnd' on input line 127.
 ) 
Here is how much of TeX's memory you used:
 8150 strings out of 493304
 117513 string characters out of 6139870
 227257 words of memory out of 5000000
 11357 multiletter control sequences out of 15000+600000
 29037 words of font info for 67 fonts, out of 8000000 for 9000
 957 hyphenation exceptions out of 8191
 42i,16n,30p,1345b,392s stack positions out of 5000i,500n,10000p,200000b,80000s
{/usr/share/texlive/texmf-dist/fonts/enc/dvips/base/8r.enc}</usr/share/texliv
e/texmf-dist/fonts/type1/public/amsfonts/cm/cmmi10.pfb></usr/share/texlive/texm
f-dist/fonts/type1/public/amsfonts/cm/cmmi7.pfb></usr/share/texlive/texmf-dist/
fonts/type1/public/amsfonts/cm/cmmi8.pfb></usr/share/texlive/texmf-dist/fonts/t
ype1/public/amsfonts/cm/cmr10.pfb></usr/share/texlive/texmf-dist/fonts/type1/pu
blic/amsfonts/cm/cmr8.pfb></usr/share/texlive/texmf-dist/fonts/type1/public/ams
fonts/cm/cmsy10.pfb></usr/share/texlive/texmf-dist/fonts/type1/urw/helvetic/uhv
b8a.pfb></usr/share/texlive/texmf-dist/fonts/type1/urw/helvetic/uhvro8a.pfb></u
sr/share/texlive/texmf-dist/fonts/type1/urw/times/utmb8a.pfb></usr/share/texliv
e/texmf-dist/fonts/type1/urw/times/utmbi8a.pfb></usr/share/texlive/texmf-dist/f
onts/type1/urw/times/utmr8a.pfb></usr/share/texlive/texmf-dist/fonts/type1/urw/
times/utmri8a.pfb>
Output written on main.pdf (12 pages, 1042342 bytes).
PDF statistics:
 655 PDF objects out of 1000 (max. 8388607)
 220 compressed objects within 3 object streams
 51 named destinations out of 1000 (max. 500000)
 111 words of extra memory for PDF output out of 10000 (max. 10000000)

