This is pdfTeX, Version 3.1415926-2.5-1.40.14 (MiKTeX 2.9) (preloaded format=pdflatex 2015.1.5)  14 JAN 2015 16:43
entering extended mode
**hb_main.tex
(C:\Users\yyzhang\Dropbox\glass_authentication\nsf-satc-15\hb_main.tex
LaTeX2e <2011/06/27>
Babel <v3.8m> and hyphenation patterns for english, afrikaans, ancientgreek, ar
abic, armenian, assamese, basque, bengali, bokmal, bulgarian, catalan, coptic, 
croatian, czech, danish, dutch, esperanto, estonian, farsi, finnish, french, ga
lician, german, german-x-2013-05-26, greek, gujarati, hindi, hungarian, iceland
ic, indonesian, interlingua, irish, italian, kannada, kurmanji, latin, latvian,
 lithuanian, malayalam, marathi, mongolian, mongolianlmc, monogreek, ngerman, n
german-x-2013-05-26, nynorsk, oriya, panjabi, pinyin, polish, portuguese, roman
ian, russian, sanskrit, serbian, slovak, slovenian, spanish, swedish, swissgerm
an, tamil, telugu, turkish, turkmen, ukenglish, ukrainian, uppersorbian, usengl
ishmax, welsh, loaded.
("C:\Program Files (x86)\MiKTeX 2.9\tex\latex\base\article.cls"
Document Class: article 2007/10/19 v1.4h Standard LaTeX document class
("C:\Program Files (x86)\MiKTeX 2.9\tex\latex\base\size10.clo"
File: size10.clo 2007/10/19 v1.4h Standard LaTeX file (size option)
)
\c@part=\count79
\c@section=\count80
\c@subsection=\count81
\c@subsubsection=\count82
\c@paragraph=\count83
\c@subparagraph=\count84
\c@figure=\count85
\c@table=\count86
\abovecaptionskip=\skip41
\belowcaptionskip=\skip42
\bibindent=\dimen102
)
("C:\Program Files (x86)\MiKTeX 2.9\tex\generic\dvips\rotate.sty"
\rotdimen=\dimen103
)
(C:\Users\yyzhang\Dropbox\glass_authentication\nsf-satc-15\page.sty
\c@nsect=\count87
\c@nsfform=\count88
)
("C:\Program Files (x86)\MiKTeX 2.9\tex\latex\epsf\epsf.sty"
This is `epsf.tex' v2.7.4 <14 February 2011>
\epsffilein=\read1
\epsfframemargin=\dimen104
\epsfframethickness=\dimen105
\epsfrsize=\dimen106
\epsftmp=\dimen107
\epsftsize=\dimen108
\epsfxsize=\dimen109
\epsfysize=\dimen110
\pspoints=\dimen111
) ("C:\Program Files (x86)\MiKTeX 2.9\tex\latex\graphics\epsfig.sty"
Package: epsfig 1999/02/16 v1.7a (e)psfig emulation (SPQR)

("C:\Program Files (x86)\MiKTeX 2.9\tex\latex\graphics\graphicx.sty"
Package: graphicx 1999/02/16 v1.0f Enhanced LaTeX Graphics (DPC,SPQR)

("C:\Program Files (x86)\MiKTeX 2.9\tex\latex\graphics\keyval.sty"
Package: keyval 1999/03/16 v1.13 key=value parser (DPC)
\KV@toks@=\toks14
)
("C:\Program Files (x86)\MiKTeX 2.9\tex\latex\graphics\graphics.sty"
Package: graphics 2009/02/05 v1.0o Standard LaTeX Graphics (DPC,SPQR)

("C:\Program Files (x86)\MiKTeX 2.9\tex\latex\graphics\trig.sty"
Package: trig 1999/03/16 v1.09 sin cos tan (DPC)
)
("C:\Program Files (x86)\MiKTeX 2.9\tex\latex\00miktex\graphics.cfg"
File: graphics.cfg 2007/01/18 v1.5 graphics configuration of teTeX/TeXLive
)
Package graphics Info: Driver file: pdftex.def on input line 91.

("C:\Program Files (x86)\MiKTeX 2.9\tex\latex\pdftex-def\pdftex.def"
File: pdftex.def 2011/05/27 v0.06d Graphics/color for pdfTeX

("C:\Program Files (x86)\MiKTeX 2.9\tex\generic\oberdiek\infwarerr.sty"
Package: infwarerr 2010/04/08 v1.3 Providing info/warning/error messages (HO)
)
("C:\Program Files (x86)\MiKTeX 2.9\tex\generic\oberdiek\ltxcmds.sty"
Package: ltxcmds 2011/11/09 v1.22 LaTeX kernel commands for general use (HO)
)
\Gread@gobject=\count89
))
\Gin@req@height=\dimen112
\Gin@req@width=\dimen113
)
\epsfxsize=\dimen114
\epsfysize=\dimen115
)
("C:\Program Files (x86)\MiKTeX 2.9\tex\latex\url\url.sty"
\Urlmuskip=\muskip10
Package: url 2013/09/16  ver 3.4  Verb mode for urls, etc.
)
("C:\Program Files (x86)\MiKTeX 2.9\tex\latex\subfigure\subfigure.sty"
Package: subfigure 2002/07/30 v2.1.4 subfigure package
\subfigtopskip=\skip43
\subfigcapskip=\skip44
\subfigcaptopadj=\dimen116
\subfigbottomskip=\skip45
\subfigcapmargin=\dimen117
\subfiglabelskip=\skip46
\c@subfigure=\count90
\c@lofdepth=\count91
\c@subtable=\count92
\c@lotdepth=\count93

****************************************
* Local config file subfigure.cfg used *
****************************************
("C:\Program Files (x86)\MiKTeX 2.9\tex\latex\subfigure\subfigure.cfg")
\subfig@top=\skip47
\subfig@bottom=\skip48
)
("C:\Program Files (x86)\MiKTeX 2.9\tex\latex\wrapfig\wrapfig.sty"
\wrapoverhang=\dimen118
\WF@size=\dimen119
\c@WF@wrappedlines=\count94
\WF@box=\box26
\WF@everypar=\toks15
Package: wrapfig 2003/01/31  v 3.6
)
("C:\Program Files (x86)\MiKTeX 2.9\tex\latex\floatflt\floatflt.sty"
Package: floatflt 1997/07/16 v. 1.31
\c@OptionTest=\count95
\figbox=\box27
\tabbox=\box28
\pagebox=\box29
\ffigcount=\count96
\ftabcount=\count97
\fftest=\count98
\hangcount=\count99
\nosuccesstryfig=\count100
\nosuccesstrytab=\count101
\figgutter=\dimen120
\tabgutter=\dimen121
\htdone=\dimen122
\pageht=\dimen123
\startpageht=\dimen124
\tabbredd=\dimen125
\floatfltwidth=\dimen126
\fltitemwidth=\dimen127
\outputpretest=\toks16
)
("C:\Program Files (x86)\MiKTeX 2.9\tex\latex\algorithm2e\algorithm2e.sty"
Package: algorithm2e 2013/01/06 v5.00 algorithms environments
\c@AlgoLine=\count102

("C:\Program Files (x86)\MiKTeX 2.9\tex\latex\base\ifthen.sty"
Package: ifthen 2001/05/26 v1.1c Standard LaTeX ifthen package (DPC)
)
("C:\Program Files (x86)\MiKTeX 2.9\tex\latex\tools\xspace.sty"
Package: xspace 2009/10/20 v1.13 Space after command names (DPC,MH)
)
("C:\Program Files (x86)\MiKTeX 2.9\tex\latex\ltxmisc\relsize.sty"
Package: relsize 2003/07/04 ver 3.1
)
********************************************************
Package `algorithm2e' Release 5.0 -- january 06 2013 --
- algorithm2e-announce@lirmm.fr mailing list for announcement about releases
- algorithm2e-discussion@lirmm.fr mailing list for discussion about package
subscribe by emailing sympa@lirmm.fr with 'subscribe <list> <firstname name>'
- Author: Christophe Fiorio (cfiorio@um2.fr)
********************************************************
\skiptotal=\skip49
\skiplinenumber=\skip50
\skiprule=\skip51
\skiphlne=\skip52
\skiptext=\skip53
\skiplength=\skip54
\algomargin=\skip55
\skipalgocfslide=\skip56
\algowidth=\dimen128
\inoutsize=\dimen129
\inoutindent=\dimen130
\interspacetitleruled=\dimen131
\interspacealgoruled=\dimen132
\interspacetitleboxruled=\dimen133
\algocf@inoutbox=\box30
\algocf@inputbox=\box31
\AlCapSkip=\skip57
\AlCapHSkip=\skip58
\algoskipindent=\skip59
\algocf@nlbox=\box32
\algocf@hangingbox=\box33
\algocf@untilbox=\box34
\algocf@skipuntil=\skip60
\algocf@capbox=\box35
\algoheightruledefault=\skip61
\algoheightrule=\skip62
\algotitleheightruledefault=\skip63
\algotitleheightrule=\skip64
\c@algocfline=\count103
\c@algocfproc=\count104
\c@algocf=\count105
\algocf@algoframe=\box36
\algocf@algobox=\box37
) ("C:\Program Files (x86)\MiKTeX 2.9\tex\latex\psnfss\mathpazo.sty"
Package: mathpazo 2005/04/12 PSNFSS-v9.2a Palatino w/ Pazo Math (D.Puga, WaS) 
\symupright=\mathgroup4
)
("C:\Program Files (x86)\MiKTeX 2.9\tex\latex\amsmath\amsmath.sty"
Package: amsmath 2013/01/14 v2.14 AMS math features
\@mathmargin=\skip65

For additional information on amsmath, use the `?' option.
("C:\Program Files (x86)\MiKTeX 2.9\tex\latex\amsmath\amstext.sty"
Package: amstext 2000/06/29 v2.01

("C:\Program Files (x86)\MiKTeX 2.9\tex\latex\amsmath\amsgen.sty"
File: amsgen.sty 1999/11/30 v2.0
\@emptytoks=\toks17
\ex@=\dimen134
))
("C:\Program Files (x86)\MiKTeX 2.9\tex\latex\amsmath\amsbsy.sty"
Package: amsbsy 1999/11/29 v1.2d
\pmbraise@=\dimen135
)
("C:\Program Files (x86)\MiKTeX 2.9\tex\latex\amsmath\amsopn.sty"
Package: amsopn 1999/12/14 v2.01 operator names
)
\inf@bad=\count106
LaTeX Info: Redefining \frac on input line 210.
\uproot@=\count107
\leftroot@=\count108
LaTeX Info: Redefining \overline on input line 306.
\classnum@=\count109
\DOTSCASE@=\count110
LaTeX Info: Redefining \ldots on input line 378.
LaTeX Info: Redefining \dots on input line 381.
LaTeX Info: Redefining \cdots on input line 466.
\Mathstrutbox@=\box38
\strutbox@=\box39
\big@size=\dimen136
LaTeX Font Info:    Redeclaring font encoding OML on input line 566.
LaTeX Font Info:    Redeclaring font encoding OMS on input line 567.
\macc@depth=\count111
\c@MaxMatrixCols=\count112
\dotsspace@=\muskip11
\c@parentequation=\count113
\dspbrk@lvl=\count114
\tag@help=\toks18
\row@=\count115
\column@=\count116
\maxfields@=\count117
\andhelp@=\toks19
\eqnshift@=\dimen137
\alignsep@=\dimen138
\tagshift@=\dimen139
\tagwidth@=\dimen140
\totwidth@=\dimen141
\lineht@=\dimen142
\@envbody=\toks20
\multlinegap=\skip66
\multlinetaggap=\skip67
\mathdisplay@stack=\toks21
LaTeX Info: Redefining \[ on input line 2665.
LaTeX Info: Redefining \] on input line 2666.
)
("C:\Program Files (x86)\MiKTeX 2.9\tex\latex\oberdiek\epstopdf.sty"
Package: epstopdf 2010/02/09 v2.5 Conversion with epstopdf on the fly (HO)

("C:\Program Files (x86)\MiKTeX 2.9\tex\latex\oberdiek\epstopdf-base.sty"
Package: epstopdf-base 2010/02/09 v2.5 Base part for package epstopdf

("C:\Program Files (x86)\MiKTeX 2.9\tex\latex\oberdiek\grfext.sty"
Package: grfext 2010/08/19 v1.1 Manage graphics extensions (HO)

("C:\Program Files (x86)\MiKTeX 2.9\tex\generic\oberdiek\kvdefinekeys.sty"
Package: kvdefinekeys 2011/04/07 v1.3 Define keys (HO)
))
("C:\Program Files (x86)\MiKTeX 2.9\tex\latex\oberdiek\kvoptions.sty"
Package: kvoptions 2011/06/30 v3.11 Key value format for package options (HO)

("C:\Program Files (x86)\MiKTeX 2.9\tex\generic\oberdiek\kvsetkeys.sty"
Package: kvsetkeys 2012/04/25 v1.16 Key value parser (HO)

("C:\Program Files (x86)\MiKTeX 2.9\tex\generic\oberdiek\etexcmds.sty"
Package: etexcmds 2011/02/16 v1.5 Avoid name clashes with e-TeX commands (HO)

("C:\Program Files (x86)\MiKTeX 2.9\tex\generic\oberdiek\ifluatex.sty"
Package: ifluatex 2010/03/01 v1.3 Provides the ifluatex switch (HO)
Package ifluatex Info: LuaTeX not detected.
)
Package etexcmds Info: Could not find \expanded.
(etexcmds)             That can mean that you are not using pdfTeX 1.50 or
(etexcmds)             that some package has redefined \expanded.
(etexcmds)             In the latter case, load this package earlier.
)))
("C:\Program Files (x86)\MiKTeX 2.9\tex\generic\oberdiek\pdftexcmds.sty"
Package: pdftexcmds 2011/11/29 v0.20 Utility functions of pdfTeX for LuaTeX (HO
)

("C:\Program Files (x86)\MiKTeX 2.9\tex\generic\oberdiek\ifpdf.sty"
Package: ifpdf 2011/01/30 v2.3 Provides the ifpdf switch (HO)
Package ifpdf Info: pdfTeX in PDF mode is detected.
)
Package pdftexcmds Info: LuaTeX not detected.
Package pdftexcmds Info: \pdf@primitive is available.
Package pdftexcmds Info: \pdf@ifprimitive is available.
Package pdftexcmds Info: \pdfdraftmode found.
)
Package grfext Info: Graphics extension search list:
(grfext)             [.png,.pdf,.jpg,.mps,.jpeg,.jbig2,.jb2,.PNG,.PDF,.JPG,.JPE
G,.JBIG2,.JB2,.eps]
(grfext)             \AppendGraphicsExtensions on input line 452.
))
\c@theorem=\count118
\c@corollary=\count119
\c@definition=\count120
\c@example=\count121
\c@lemma=\count122

(C:\Users\yyzhang\Dropbox\glass_authentication\nsf-satc-15\remark.tex)
("C:\Program Files (x86)\MiKTeX 2.9\tex\latex\ieeepes\vmargin.sty"
Package: vmargin 1999/06/01

Package `vmargin', V2.2, <1999/06/01>
\PaperWidth=\dimen143
\PaperHeight=\dimen144
) (C:\Users\yyzhang\Dropbox\glass_authentication\nsf-satc-15\hb_main.aux)
LaTeX Font Info:    Checking defaults for OML/cmm/m/it on input line 65.
LaTeX Font Info:    ... okay on input line 65.
LaTeX Font Info:    Checking defaults for T1/cmr/m/n on input line 65.
LaTeX Font Info:    ... okay on input line 65.
LaTeX Font Info:    Checking defaults for OT1/cmr/m/n on input line 65.
LaTeX Font Info:    ... okay on input line 65.
LaTeX Font Info:    Checking defaults for OMS/cmsy/m/n on input line 65.
LaTeX Font Info:    ... okay on input line 65.
LaTeX Font Info:    Checking defaults for OMX/cmex/m/n on input line 65.
LaTeX Font Info:    ... okay on input line 65.
LaTeX Font Info:    Checking defaults for U/cmr/m/n on input line 65.
LaTeX Font Info:    ... okay on input line 65.
LaTeX Font Info:    Try loading font information for OT1+pplx on input line 65.


("C:\Program Files (x86)\MiKTeX 2.9\tex\latex\psnfss\ot1pplx.fd"
File: ot1pplx.fd 2004/09/06 font definitions for OT1/pplx.
)
("C:\Program Files (x86)\MiKTeX 2.9\tex\context\base\supp-pdf.mkii"
[Loading MPS to PDF converter (version 2006.09.02).]
\scratchcounter=\count123
\scratchdimen=\dimen145
\scratchbox=\box40
\nofMPsegments=\count124
\nofMParguments=\count125
\everyMPshowfont=\toks22
\MPscratchCnt=\count126
\MPscratchDim=\dimen146
\MPnumerator=\count127
\makeMPintoPDFobject=\count128
\everyMPtoPDFconversion=\toks23
)
LaTeX Font Info:    Font shape `OT1/pplx/bx/n' in size <10> not available
(Font)              Font shape `OT1/pplx/b/n' tried instead on input line 75.
 (C:\Users\yyzhang\Dropbox\glass_authentication\nsf-satc-15\hb_summary.tex)
LaTeX Font Info:    Try loading font information for OML+zplm on input line 89.


("C:\Program Files (x86)\MiKTeX 2.9\tex\latex\psnfss\omlzplm.fd"
File: omlzplm.fd 2002/09/08 Fontinst v1.914 font definitions for OML/zplm.
)
LaTeX Font Info:    Try loading font information for OMS+zplm on input line 89.


("C:\Program Files (x86)\MiKTeX 2.9\tex\latex\psnfss\omszplm.fd"
File: omszplm.fd 2002/09/08 Fontinst v1.914 font definitions for OMS/zplm.
)
LaTeX Font Info:    Try loading font information for OMX+zplm on input line 89.


("C:\Program Files (x86)\MiKTeX 2.9\tex\latex\psnfss\omxzplm.fd"
File: omxzplm.fd 2002/09/08 Fontinst v1.914 font definitions for OMX/zplm.
)
LaTeX Font Info:    Try loading font information for OT1+zplm on input line 89.


("C:\Program Files (x86)\MiKTeX 2.9\tex\latex\psnfss\ot1zplm.fd"
File: ot1zplm.fd 2002/09/08 Fontinst v1.914 font definitions for OT1/zplm.
) [1

{C:/ProgramData/MiKTeX/2.9/pdftex/config/pdftex.map}]
(C:\Users\yyzhang\Dropbox\glass_authentication\nsf-satc-15\hb_intro.tex
LaTeX Font Info:    Font shape `OT1/pplx/bx/n' in size <14.4> not available
(Font)              Font shape `OT1/pplx/b/n' tried instead on input line 1.

[1])
(C:\Users\yyzhang\Dropbox\glass_authentication\nsf-satc-15\hb_background.tex
Package epstopdf Info: Source file: <../mobisys_paper/fig/raw_sub1.eps>
(epstopdf)                    date: 2014-12-05 21:16:05
(epstopdf)                    size: 76152 bytes
(epstopdf)             Output file: <../mobisys_paper/fig/raw_sub1-eps-converte
d-to.pdf>
(epstopdf)                    date: 2014-12-05 21:18:57
(epstopdf)                    size: 32343 bytes
(epstopdf)             Command: <epstopdf --outfile=../mobisys_paper/fig/raw_su
b1-eps-converted-to.pdf ../mobisys_paper/fig/raw_sub1.eps>
(epstopdf)             \includegraphics on input line 5.
Package epstopdf Info: Output file is already uptodate.

<../mobisys_paper/fig/raw_sub1-eps-converted-to.pdf, id=12, 587.19376pt x 442.6
5375pt>
File: ../mobisys_paper/fig/raw_sub1-eps-converted-to.pdf Graphic file (type pdf
)
 <use ../mobisys_paper/fig/raw_sub1-eps-converted-to.pdf>
Package pdftex.def Info: ../mobisys_paper/fig/raw_sub1-eps-converted-to.pdf use
d on input line 5.
(pdftex.def)             Requested size: 159.79015pt x 120.45695pt.
Package epstopdf Info: Source file: <../mobisys_paper/fig/raw_sub8.eps>
(epstopdf)                    date: 2014-12-05 21:18:14
(epstopdf)                    size: 81485 bytes
(epstopdf)             Output file: <../mobisys_paper/fig/raw_sub8-eps-converte
d-to.pdf>
(epstopdf)                    date: 2014-12-05 21:18:58
(epstopdf)                    size: 33629 bytes
(epstopdf)             Command: <epstopdf --outfile=../mobisys_paper/fig/raw_su
b8-eps-converted-to.pdf ../mobisys_paper/fig/raw_sub8.eps>
(epstopdf)             \includegraphics on input line 6.
Package epstopdf Info: Output file is already uptodate.

<../mobisys_paper/fig/raw_sub8-eps-converted-to.pdf, id=13, 587.19376pt x 442.6
5375pt>
File: ../mobisys_paper/fig/raw_sub8-eps-converted-to.pdf Graphic file (type pdf
)
 <use ../mobisys_paper/fig/raw_sub8-eps-converted-to.pdf>
Package pdftex.def Info: ../mobisys_paper/fig/raw_sub8-eps-converted-to.pdf use
d on input line 6.
(pdftex.def)             Requested size: 159.79015pt x 120.45695pt.
Package epstopdf Info: Source file: <../mobisys_paper/fig/raw_sub3.eps>
(epstopdf)                    date: 2014-12-05 21:19:38
(epstopdf)                    size: 84015 bytes
(epstopdf)             Output file: <../mobisys_paper/fig/raw_sub3-eps-converte
d-to.pdf>
(epstopdf)                    date: 2014-12-05 21:22:32
(epstopdf)                    size: 34046 bytes
(epstopdf)             Command: <epstopdf --outfile=../mobisys_paper/fig/raw_su
b3-eps-converted-to.pdf ../mobisys_paper/fig/raw_sub3.eps>
(epstopdf)             \includegraphics on input line 7.
Package epstopdf Info: Output file is already uptodate.

<../mobisys_paper/fig/raw_sub3-eps-converted-to.pdf, id=14, 587.19376pt x 442.6
5375pt>
File: ../mobisys_paper/fig/raw_sub3-eps-converted-to.pdf Graphic file (type pdf
)
 <use ../mobisys_paper/fig/raw_sub3-eps-converted-to.pdf>
Package pdftex.def Info: ../mobisys_paper/fig/raw_sub3-eps-converted-to.pdf use
d on input line 7.
(pdftex.def)             Requested size: 159.79015pt x 120.45695pt.

Overfull \hbox (31.16055pt too wide) in paragraph at lines 4--10
 [] 
 []

Package epstopdf Info: Source file: <../mobisys_paper/fig/raw_sub4.eps>
(epstopdf)                    date: 2014-12-05 21:20:49
(epstopdf)                    size: 79412 bytes
(epstopdf)             Output file: <../mobisys_paper/fig/raw_sub4-eps-converte
d-to.pdf>
(epstopdf)                    date: 2014-12-05 21:22:32
(epstopdf)                    size: 33350 bytes
(epstopdf)             Command: <epstopdf --outfile=../mobisys_paper/fig/raw_su
b4-eps-converted-to.pdf ../mobisys_paper/fig/raw_sub4.eps>
(epstopdf)             \includegraphics on input line 12.
Package epstopdf Info: Output file is already uptodate.

<../mobisys_paper/fig/raw_sub4-eps-converted-to.pdf, id=15, 587.19376pt x 442.6
5375pt>
File: ../mobisys_paper/fig/raw_sub4-eps-converted-to.pdf Graphic file (type pdf
)
 <use ../mobisys_paper/fig/raw_sub4-eps-converted-to.pdf>
Package pdftex.def Info: ../mobisys_paper/fig/raw_sub4-eps-converted-to.pdf use
d on input line 12.
(pdftex.def)             Requested size: 159.79015pt x 120.45695pt.
Package epstopdf Info: Source file: <../mobisys_paper/fig/raw_sub5.eps>
(epstopdf)                    date: 2014-12-05 21:22:23
(epstopdf)                    size: 81843 bytes
(epstopdf)             Output file: <../mobisys_paper/fig/raw_sub5-eps-converte
d-to.pdf>
(epstopdf)                    date: 2014-12-05 21:22:33
(epstopdf)                    size: 34081 bytes
(epstopdf)             Command: <epstopdf --outfile=../mobisys_paper/fig/raw_su
b5-eps-converted-to.pdf ../mobisys_paper/fig/raw_sub5.eps>
(epstopdf)             \includegraphics on input line 13.
Package epstopdf Info: Output file is already uptodate.

<../mobisys_paper/fig/raw_sub5-eps-converted-to.pdf, id=16, 587.19376pt x 442.6
5375pt>
File: ../mobisys_paper/fig/raw_sub5-eps-converted-to.pdf Graphic file (type pdf
)
 <use ../mobisys_paper/fig/raw_sub5-eps-converted-to.pdf>
Package pdftex.def Info: ../mobisys_paper/fig/raw_sub5-eps-converted-to.pdf use
d on input line 13.
(pdftex.def)             Requested size: 159.79015pt x 120.45695pt.
LaTeX Font Info:    Font shape `OT1/pplx/bx/n' in size <12> not available
(Font)              Font shape `OT1/pplx/b/n' tried instead on input line 25.
 [2] [3 <C:/Users/yyzhang/Dropbox/glass_authentication/mobisys_paper/fig/raw_su
b1-eps-converted-to.pdf> <C:/Users/yyzhang/Dropbox/glass_authentication/mobisys
_paper/fig/raw_sub8-eps-converted-to.pdf> <C:/Users/yyzhang/Dropbox/glass_authe
ntication/mobisys_paper/fig/raw_sub3-eps-converted-to.pdf> <C:/Users/yyzhang/Dr
opbox/glass_authentication/mobisys_paper/fig/raw_sub4-eps-converted-to.pdf> <C:
/Users/yyzhang/Dropbox/glass_authentication/mobisys_paper/fig/raw_sub5-eps-conv
erted-to.pdf>]
LaTeX Font Info:    Font shape `OT1/pplx/bx/it' in size <10> not available
(Font)              Font shape `OT1/pplx/b/it' tried instead on input line 138.


<../mobisys_paper/fig/headbanger-illustrate.png, id=163, 941.76843pt x 301.125p
t>
File: ../mobisys_paper/fig/headbanger-illustrate.png Graphic file (type png)
 <use ../mobisys_paper/fig/headbanger-illustrate.png>
Package pdftex.def Info: ../mobisys_paper/fig/headbanger-illustrate.png used on
 input line 142.
(pdftex.def)             Requested size: 363.15741pt x 116.11496pt.
LaTeX Font Info:    Font shape `OT1/pplx/bx/it' in size <12> not available
(Font)              Font shape `OT1/pplx/b/it' tried instead on input line 151.

 [4]
LaTeX Font Info:    Try loading font information for OMS+pplx on input line 157
.
LaTeX Font Info:    No file OMSpplx.fd. on input line 157.


LaTeX Font Warning: Font shape `OMS/pplx/m/n' undefined
(Font)              using `OMS/cmsy/m/n' instead
(Font)              for symbol `textbullet' on input line 157.

[5 <C:/Users/yyzhang/Dropbox/glass_authentication/mobisys_paper/fig/headbanger-
illustrate.png>])
(C:\Users\yyzhang\Dropbox\glass_authentication\nsf-satc-15\hb_learning.tex
[6]
<../mobisys_paper/fig/exp2_frr_far_bac.pdf, id=176, 1675.76062pt x 923.24924pt>
File: ../mobisys_paper/fig/exp2_frr_far_bac.pdf Graphic file (type pdf)
<use ../mobisys_paper/fig/exp2_frr_far_bac.pdf>
Package pdftex.def Info: ../mobisys_paper/fig/exp2_frr_far_bac.pdf used on inpu
t line 37.
(pdftex.def)             Requested size: 363.15741pt x 200.07253pt.
 [7 <C:/Users/yyzhang/Dropbox/glass_authentication/mobisys_paper/fig/exp2_frr_f
ar_bac.pdf>]
<../figure/sub1_blink_beat.png, id=228, 586.8324pt x 442.2924pt>
File: ../figure/sub1_blink_beat.png Graphic file (type png)

<use ../figure/sub1_blink_beat.png>
Package pdftex.def Info: ../figure/sub1_blink_beat.png used on input line 70.
(pdftex.def)             Requested size: 108.405pt x 81.70132pt.

<../figure/sub2_blink_beat.png, id=230, 586.8324pt x 442.2924pt>
File: ../figure/sub2_blink_beat.png Graphic file (type png)

<use ../figure/sub2_blink_beat.png>
Package pdftex.def Info: ../figure/sub2_blink_beat.png used on input line 71.
(pdftex.def)             Requested size: 108.405pt x 81.70132pt.

Overfull \hbox (24.0pt too wide) in paragraph at lines 69--74
 [][] 
 []

[8 <C:/Users/yyzhang/Dropbox/glass_authentication/figure/sub1_blink_beat.png> <
C:/Users/yyzhang/Dropbox/glass_authentication/figure/sub2_blink_beat.png>]
<../figure/sub1_walking_freq.png, id=236, 586.8324pt x 442.2924pt>
File: ../figure/sub1_walking_freq.png Graphic file (type png)

<use ../figure/sub1_walking_freq.png>
Package pdftex.def Info: ../figure/sub1_walking_freq.png used on input line 97.

(pdftex.def)             Requested size: 144.54pt x 108.93286pt.

<../figure/sub1_nodding_freq.png, id=237, 586.8324pt x 442.2924pt>
File: ../figure/sub1_nodding_freq.png Graphic file (type png)

<use ../figure/sub1_nodding_freq.png>
Package pdftex.def Info: ../figure/sub1_nodding_freq.png used on input line 98.

(pdftex.def)             Requested size: 144.54pt x 108.93286pt.

Overfull \hbox (24.0pt too wide) in paragraph at lines 96--102
 [][] 
 []

[9 <C:/Users/yyzhang/Dropbox/glass_authentication/figure/sub1_walking_freq.png>
 <C:/Users/yyzhang/Dropbox/glass_authentication/figure/sub1_nodding_freq.png>])
(C:\Users\yyzhang\Dropbox\glass_authentication\nsf-satc-15\hb_system.tex
<../figure/sofware_architecture.pdf, id=244, 722.7pt x 406.51875pt>
File: ../figure/sofware_architecture.pdf Graphic file (type pdf)

<use ../figure/sofware_architecture.pdf>
Package pdftex.def Info: ../figure/sofware_architecture.pdf used on input line 
9.
(pdftex.def)             Requested size: 195.12767pt x 109.75531pt.
 [10]
Underfull \hbox (badness 1226) in paragraph at lines 25--25
[]\OT1/pplx/m/n/10 Figure 7: []Mea-sured pro-cess-ing la-ten-cies on
 []

) (C:\Users\yyzhang\Dropbox\glass_authentication\nsf-satc-15\hb_system_prop.tex
[11 <C:/Users/yyzhang/Dropbox/glass_authentication/figure/sofware_architecture.
pdf>] <../figure/pipeline.pdf, id=256, 274.626pt x 202.35599pt>
File: ../figure/pipeline.pdf Graphic file (type pdf)

<use ../figure/pipeline.pdf>
Package pdftex.def Info: ../figure/pipeline.pdf used on input line 10.
(pdftex.def)             Requested size: 140.92517pt x 103.83932pt.
)
(C:\Users\yyzhang\Dropbox\glass_authentication\nsf-satc-15\hb_eval.tex
<../figure/glass1.jpg, id=257, 305.14pt x 166.6225pt>
File: ../figure/glass1.jpg Graphic file (type jpg)

<use ../figure/glass1.jpg>
Package pdftex.def Info: ../figure/glass1.jpg used on input line 7.
(pdftex.def)             Requested size: 97.56383pt x 53.27452pt.

<../figure/moto.jpg, id=258, 627.34375pt x 346.29375pt>
File: ../figure/moto.jpg Graphic file (type jpg)

<use ../figure/moto.jpg>
Package pdftex.def Info: ../figure/moto.jpg used on input line 8.
(pdftex.def)             Requested size: 97.56383pt x 53.85463pt.

Overfull \hbox (2.31766pt too wide) in paragraph at lines 6--11
 [][] 
 []


Underfull \hbox (badness 10000) in paragraph at lines 3--13
\OT1/pplx/m/n/10 Specif-i-cally, we will study the fol-low-ing move-ment pat-te
rns:
 []

[12 <C:/Users/yyzhang/Dropbox/glass_authentication/figure/pipeline.pdf>]
<../mobisys_paper/fig/exp.pdf, id=296, 794.97pt x 614.295pt>
File: ../mobisys_paper/fig/exp.pdf Graphic file (type pdf)

<use ../mobisys_paper/fig/exp.pdf>
Package pdftex.def Info: ../mobisys_paper/fig/exp.pdf used on input line 24.
(pdftex.def)             Requested size: 162.6075pt x 125.65009pt.
 [13 <C:/Users/yyzhang/Dropbox/glass_authentication/figure/glass1.jpg> <C:/User
s/yyzhang/Dropbox/glass_authentication/figure/moto.jpg> <C:/Users/yyzhang/Dropb
ox/glass_authentication/mobisys_paper/fig/exp.pdf, page is rotated 90 degrees>]

<../figure/plan.pdf, id=306, 722.7pt x 542.025pt>
File: ../figure/plan.pdf Graphic file (type pdf)
 <use ../figure/plan.pdf>
Package pdftex.def Info: ../figure/plan.pdf used on input line 37.
(pdftex.def)             Requested size: 242.10493pt x 181.57329pt.
)
(C:\Users\yyzhang\Dropbox\glass_authentication\nsf-satc-15\hb_education.tex
[14 <C:/Users/yyzhang/Dropbox/glass_authentication/figure/plan.pdf>]
Missing character: There is no ‚ in font pplr9t!
Missing character: There is no Ä in font pplr9t!
Missing character: There is no ô in font pplr9t!
)
(C:\Users\yyzhang\Dropbox\glass_authentication\nsf-satc-15\hb_prior.tex)
[15] (C:\Users\yyzhang\Dropbox\glass_authentication\nsf-satc-15\hb_main.bbl
[1]
Missing character: There is no ‚ in font pplr9t!
Missing character: There is no Ä in font pplr9t!
Missing character: There is no ú in font pplr9t!
Missing character: There is no ‚ in font pplr9t!
Missing character: There is no Ä in font pplr9t!
Missing character: There is no ù in font pplr9t!
 [2] [3] [4] [5] [6]) [7]
(C:\Users\yyzhang\Dropbox\glass_authentication\nsf-satc-15\hb_main.aux)

LaTeX Font Warning: Some font shapes were not available, defaults substituted.

 ) 
Here is how much of TeX's memory you used:
 4598 strings out of 493921
 66602 string characters out of 3144871
 149308 words of memory out of 3000000
 7733 multiletter control sequences out of 15000+200000
 37718 words of font info for 91 fonts, out of 3000000 for 9000
 841 hyphenation exceptions out of 8191
 42i,12n,24p,2335b,344s stack positions out of 5000i,500n,10000p,200000b,50000s
{C:/Program Files (x86)/MiKTeX 2.9/fonts/enc/dvips/fontname/8r.enc}<C:/Progra
m Files (x86)/MiKTeX 2.9/fonts/type1/public/amsfonts/cm/cmmi10.pfb><C:/Program 
Files (x86)/MiKTeX 2.9/fonts/type1/public/amsfonts/cm/cmr10.pfb><C:/Program Fil
es (x86)/MiKTeX 2.9/fonts/type1/public/amsfonts/cm/cmsy10.pfb><C:/Program Files
 (x86)/MiKTeX 2.9/fonts/type1/public/amsfonts/cm/cmtt10.pfb><C:/Program Files (
x86)/MiKTeX 2.9/fonts/type1/urw/helvetic/uhvr8a.pfb><C:/Program Files (x86)/MiK
TeX 2.9/fonts/type1/urw/palatino/uplb8a.pfb><C:/Program Files (x86)/MiKTeX 2.9/
fonts/type1/urw/palatino/uplbi8a.pfb><C:/Program Files (x86)/MiKTeX 2.9/fonts/t
ype1/urw/palatino/uplr8a.pfb><C:/Program Files (x86)/MiKTeX 2.9/fonts/type1/urw
/palatino/uplri8a.pfb>
Output written on hb_main.pdf (23 pages, 1171515 bytes).
PDF statistics:
 372 PDF objects out of 1000 (max. 8388607)
 0 named destinations out of 1000 (max. 500000)
 86 words of extra memory for PDF output out of 10000 (max. 10000000)

